c:\users\outlet\desktop\newproject\proyecto2\proyecto2\x64\debug\vc143.pdb
c:\users\outlet\desktop\newproject\proyecto2\proyecto2\x64\debug\vc143.idb
c:\users\outlet\desktop\newproject\proyecto2\proyecto2\x64\debug\usuarios.obj
c:\users\outlet\desktop\newproject\proyecto2\proyecto2\x64\debug\usuario.obj
c:\users\outlet\desktop\newproject\proyecto2\proyecto2\x64\debug\revista.obj
c:\users\outlet\desktop\newproject\proyecto2\proyecto2\x64\debug\persistencia.obj
c:\users\outlet\desktop\newproject\proyecto2\proyecto2\x64\debug\materiales.obj
c:\users\outlet\desktop\newproject\proyecto2\proyecto2\x64\debug\materialdigital.obj
c:\users\outlet\desktop\newproject\proyecto2\proyecto2\x64\debug\material.obj
c:\users\outlet\desktop\newproject\proyecto2\proyecto2\x64\debug\main.obj
c:\users\outlet\desktop\newproject\proyecto2\proyecto2\x64\debug\libro.obj
c:\users\outlet\desktop\newproject\proyecto2\proyecto2\x64\debug\interfaz.obj
c:\users\outlet\desktop\newproject\proyecto2\proyecto2\x64\debug\gestorprestamo.obj
c:\users\outlet\desktop\newproject\proyecto2\proyecto2\x64\debug\gestorinventario.obj
c:\users\outlet\desktop\newproject\proyecto2\proyecto2\x64\debug\excepcion.obj
c:\users\outlet\desktop\newproject\proyecto2\proyecto2\x64\debug\biblioteca.obj
c:\users\outlet\desktop\newproject\proyecto2\x64\debug\proyecto2.exe
c:\users\outlet\desktop\newproject\proyecto2\x64\debug\proyecto2.pdb
c:\users\outlet\desktop\newproject\proyecto2\proyecto2\x64\debug\proyecto2.ilk
c:\users\outlet\desktop\newproject\proyecto2\proyecto2\x64\debug\proyecto2.tlog\cl.command.1.tlog
c:\users\outlet\desktop\newproject\proyecto2\proyecto2\x64\debug\proyecto2.tlog\cl.items.tlog
c:\users\outlet\desktop\newproject\proyecto2\proyecto2\x64\debug\proyecto2.tlog\cl.read.1.tlog
c:\users\outlet\desktop\newproject\proyecto2\proyecto2\x64\debug\proyecto2.tlog\cl.write.1.tlog
c:\users\outlet\desktop\newproject\proyecto2\proyecto2\x64\debug\proyecto2.tlog\link.command.1.tlog
c:\users\outlet\desktop\newproject\proyecto2\proyecto2\x64\debug\proyecto2.tlog\link.read.1.tlog
c:\users\outlet\desktop\newproject\proyecto2\proyecto2\x64\debug\proyecto2.tlog\link.secondary.1.tlog
c:\users\outlet\desktop\newproject\proyecto2\proyecto2\x64\debug\proyecto2.tlog\link.write.1.tlog
