c:\users\jaraa\documents\proyectobiblioteca\proyecto2\x64\release\vc143.pdb
c:\users\jaraa\documents\proyectobiblioteca\proyecto2\x64\release\usuarios.obj
c:\users\jaraa\documents\proyectobiblioteca\proyecto2\x64\release\usuario.obj
c:\users\jaraa\documents\proyectobiblioteca\proyecto2\x64\release\revista.obj
c:\users\jaraa\documents\proyectobiblioteca\proyecto2\x64\release\persistencia.obj
c:\users\jaraa\documents\proyectobiblioteca\proyecto2\x64\release\materiales.obj
c:\users\jaraa\documents\proyectobiblioteca\proyecto2\x64\release\materialdigital.obj
c:\users\jaraa\documents\proyectobiblioteca\proyecto2\x64\release\material.obj
c:\users\jaraa\documents\proyectobiblioteca\proyecto2\x64\release\main.obj
c:\users\jaraa\documents\proyectobiblioteca\proyecto2\x64\release\libro.obj
c:\users\jaraa\documents\proyectobiblioteca\proyecto2\x64\release\interfaz.obj
c:\users\jaraa\documents\proyectobiblioteca\proyecto2\x64\release\gestorprestamo.obj
c:\users\jaraa\documents\proyectobiblioteca\proyecto2\x64\release\gestorinventario.obj
c:\users\jaraa\documents\proyectobiblioteca\proyecto2\x64\release\excepcion.obj
c:\users\jaraa\documents\proyectobiblioteca\proyecto2\x64\release\biblioteca.obj
c:\users\jaraa\documents\proyectobiblioteca\x64\release\proyecto2.exe
c:\users\jaraa\documents\proyectobiblioteca\x64\release\proyecto2.pdb
c:\users\jaraa\documents\proyectobiblioteca\proyecto2\x64\release\proyecto2.ipdb
c:\users\jaraa\documents\proyectobiblioteca\proyecto2\x64\release\proyecto2.iobj
c:\users\jaraa\documents\proyectobiblioteca\proyecto2\x64\release\devoluciones.obj
c:\users\jaraa\documents\proyectobiblioteca\proyecto2\x64\release\proyecto2.tlog\cl.command.1.tlog
c:\users\jaraa\documents\proyectobiblioteca\proyecto2\x64\release\proyecto2.tlog\cl.items.tlog
c:\users\jaraa\documents\proyectobiblioteca\proyecto2\x64\release\proyecto2.tlog\cl.read.1.tlog
c:\users\jaraa\documents\proyectobiblioteca\proyecto2\x64\release\proyecto2.tlog\cl.write.1.tlog
c:\users\jaraa\documents\proyectobiblioteca\proyecto2\x64\release\proyecto2.tlog\link.command.1.tlog
c:\users\jaraa\documents\proyectobiblioteca\proyecto2\x64\release\proyecto2.tlog\link.read.1.tlog
c:\users\jaraa\documents\proyectobiblioteca\proyecto2\x64\release\proyecto2.tlog\link.secondary.1.tlog
c:\users\jaraa\documents\proyectobiblioteca\proyecto2\x64\release\proyecto2.tlog\link.write.1.tlog
